<?xml version="1.0" encoding="UTF-8"?>
<testsuite xmlns:xsi="http://www.w3.org/2001/XMLSchema-instance" xsi:noNamespaceSchemaLocation="https://maven.apache.org/surefire/maven-surefire-plugin/xsd/surefire-test-report-3.0.xsd" version="3.0" name="com.sentinelrisk.backend.controller.DashboardControllerTest" time="2.18" tests="5" errors="0" skipped="0" failures="4">
  <properties>
[...]
</properties>
  <testcase name="testGetSnmpSummary" classname="com.sentinelrisk.backend.controller.DashboardControllerTest" time="0.103">
    <failure message="No value at JSON path &quot;$.totalAssets&quot;" type="java.lang.AssertionError"><![CDATA[java.lang.AssertionError: No value at JSON path "$.totalAssets"
	at org.springframework.test.util.JsonPathExpectationsHelper.evaluateJsonPath(JsonPathExpectationsHelper.java:302)
	at org.springframework.test.util.JsonPathExpectationsHelper.assertValue(JsonPathExpectationsHelper.java:99)
	at org.springframework.test.web.servlet.result.JsonPathResultMatchers.lambda$value$2(JsonPathResultMatchers.java:111)
	at org.springframework.test.web.servlet.MockMvc$1.andExpect(MockMvc.java:214)
	at com.sentinelrisk.backend.controller.DashboardControllerTest.testGetSnmpSummary(DashboardControllerTest.java:96)
	at java.base/java.lang.reflect.Method.invoke(Method.java:569)
	at java.base/java.util.ArrayList.forEach(ArrayList.java:1511)
	at java.base/java.util.ArrayList.forEach(ArrayList.java:1511)
Caused by: java.lang.IllegalArgumentException: json can not be null or empty
	at com.jayway.jsonpath.internal.Utils.notEmpty(Utils.java:401)
	at com.jayway.jsonpath.JsonPath.read(JsonPath.java:390)
	at com.jayway.jsonpath.JsonPath.read(JsonPath.java:377)
	at org.springframework.test.util.JsonPathExpectationsHelper.evaluateJsonPath(JsonPathExpectationsHelper.java:299)
	... 7 more
]]></failure>
    <system-out><![CDATA[23:06:10.987 [main] INFO org.springframework.test.context.support.AnnotationConfigContextLoaderUtils -- Could not detect default configuration classes for test class [com.sentinelrisk.backend.controller.DashboardControllerTest]: DashboardControllerTest does not declare any static, non-private, non-final, nested classes annotated with @Configuration.
23:06:11.111 [main] INFO org.springframework.boot.test.context.SpringBootTestContextBootstrapper -- Found @SpringBootConfiguration com.sentinelrisk.backend.SentinelRiskApplication for test class com.sentinelrisk.backend.controller.DashboardControllerTest
23:06:10,912 |-INFO in ch.qos.logback.classic.LoggerContext[default] - This is logback-classic version 1.4.14
23:06:10,913 |-INFO in ch.qos.logback.classic.util.ContextInitializer@2e140e59 - Here is a list of configurators discovered as a service, by rank: 
23:06:10,913 |-INFO in ch.qos.logback.classic.util.ContextInitializer@2e140e59 -   org.springframework.boot.logging.logback.RootLogLevelConfigurator
23:06:10,913 |-INFO in ch.qos.logback.classic.util.ContextInitializer@2e140e59 - They will be invoked in order until ExecutionStatus.DO_NOT_INVOKE_NEXT_IF_ANY is returned.
23:06:10,913 |-INFO in ch.qos.logback.classic.util.ContextInitializer@2e140e59 - Constructed configurator of type class org.springframework.boot.logging.logback.RootLogLevelConfigurator
23:06:10,918 |-INFO in ch.qos.logback.classic.util.ContextInitializer@2e140e59 - org.springframework.boot.logging.logback.RootLogLevelConfigurator.configure() call lasted 1 milliseconds. ExecutionStatus=INVOKE_NEXT_IF_ANY
23:06:10,918 |-INFO in ch.qos.logback.classic.util.ContextInitializer@2e140e59 - Trying to configure with ch.qos.logback.classic.joran.SerializedModelConfigurator
23:06:10,919 |-INFO in ch.qos.logback.classic.util.ContextInitializer@2e140e59 - Constructed configurator of type class ch.qos.logback.classic.joran.SerializedModelConfigurator
23:06:10,920 |-INFO in ch.qos.logback.classic.LoggerContext[default] - Could NOT find resource [logback-test.scmo]
23:06:10,920 |-INFO in ch.qos.logback.classic.LoggerContext[default] - Could NOT find resource [logback.scmo]
23:06:10,920 |-INFO in ch.qos.logback.classic.util.ContextInitializer@2e140e59 - ch.qos.logback.classic.joran.SerializedModelConfigurator.configure() call lasted 1 milliseconds. ExecutionStatus=INVOKE_NEXT_IF_ANY
23:06:10,920 |-INFO in ch.qos.logback.classic.util.ContextInitializer@2e140e59 - Trying to configure with ch.qos.logback.classic.util.DefaultJoranConfigurator
23:06:10,920 |-INFO in ch.qos.logback.classic.util.ContextInitializer@2e140e59 - Constructed configurator of type class ch.qos.logback.classic.util.DefaultJoranConfigurator
23:06:10,920 |-INFO in ch.qos.logback.classic.LoggerContext[default] - Could NOT find resource [logback-test.xml]
23:06:10,921 |-INFO in ch.qos.logback.classic.LoggerContext[default] - Could NOT find resource [logback.xml]
23:06:10,921 |-INFO in ch.qos.logback.classic.util.ContextInitializer@2e140e59 - ch.qos.logback.classic.util.DefaultJoranConfigurator.configure() call lasted 1 milliseconds. ExecutionStatus=INVOKE_NEXT_IF_ANY
23:06:10,921 |-INFO in ch.qos.logback.classic.util.ContextInitializer@2e140e59 - Trying to configure with ch.qos.logback.classic.BasicConfigurator
23:06:10,921 |-INFO in ch.qos.logback.classic.util.ContextInitializer@2e140e59 - Constructed configurator of type class ch.qos.logback.classic.BasicConfigurator
23:06:10,921 |-INFO in ch.qos.logback.classic.BasicConfigurator@49a71302 - Setting up default configuration.
23:06:10,929 |-INFO in ch.qos.logback.classic.util.ContextInitializer@2e140e59 - ch.qos.logback.classic.BasicConfigurator.configure() call lasted 8 milliseconds. ExecutionStatus=NEUTRAL
23:06:11,321 |-INFO in ch.qos.logback.core.model.processor.AppenderModelHandler - Processing appender named [Console]
23:06:11,321 |-INFO in ch.qos.logback.core.model.processor.AppenderModelHandler - About to instantiate appender of type [ch.qos.logback.core.ConsoleAppender]
23:06:11,329 |-WARN in ch.qos.logback.core.ConsoleAppender[Console] - This appender no longer admits a layout as a sub-component, set an encoder instead.
23:06:11,329 |-WARN in ch.qos.logback.core.ConsoleAppender[Console] - To ensure compatibility, wrapping your layout in LayoutWrappingEncoder.
23:06:11,329 |-WARN in ch.qos.logback.core.ConsoleAppender[Console] - See also http://logback.qos.ch/codes.html#layoutInsteadOfEncoder for details
23:06:11,329 |-INFO in ch.qos.logback.core.model.processor.AppenderModelHandler - Processing appender named [RiskApiDebug]
23:06:11,329 |-INFO in ch.qos.logback.core.model.processor.AppenderModelHandler - About to instantiate appender of type [ch.qos.logback.core.rolling.RollingFileAppender]
23:06:11,334 |-INFO in c.q.l.core.rolling.TimeBasedRollingPolicy@1557534595 - No compression will be used
23:06:11,334 |-INFO in c.q.l.core.rolling.TimeBasedRollingPolicy@1557534595 - Will use the pattern ./logs/archived/risk-api-debug-%d{yyyy-MM-dd}.%i.log for the active file
23:06:11,346 |-INFO in ch.qos.logback.core.rolling.SizeAndTimeBasedFNATP@59429fac - The date pattern is 'yyyy-MM-dd' from file name pattern './logs/archived/risk-api-debug-%d{yyyy-MM-dd}.%i.log'.
23:06:11,346 |-INFO in ch.qos.logback.core.rolling.SizeAndTimeBasedFNATP@59429fac - Roll-over at midnight.
23:06:11,350 |-INFO in ch.qos.logback.core.rolling.SizeAndTimeBasedFNATP@59429fac - Setting initial period to 2025-05-06T21:20:02.265Z
23:06:11,350 |-WARN in ch.qos.logback.core.rolling.SizeAndTimeBasedFNATP@59429fac - SizeAndTimeBasedFNATP is deprecated. Use SizeAndTimeBasedRollingPolicy instead
23:06:11,350 |-WARN in ch.qos.logback.core.rolling.SizeAndTimeBasedFNATP@59429fac - For more information see http://logback.qos.ch/manual/appenders.html#SizeAndTimeBasedRollingPolicy
23:06:11,352 |-INFO in ch.qos.logback.core.rolling.RollingFileAppender[RiskApiDebug] - Active log file name: ./logs/risk-api-debug.log
23:06:11,352 |-INFO in ch.qos.logback.core.rolling.RollingFileAppender[RiskApiDebug] - File property is set to [./logs/risk-api-debug.log]
23:06:11,353 |-INFO in ch.qos.logback.classic.model.processor.LoggerModelHandler - Setting level of logger [com.sentinelrisk.backend.controller.RiskController] to DEBUG
23:06:11,353 |-INFO in ch.qos.logback.classic.jul.LevelChangePropagator@57aa341b - Propagating DEBUG level on Logger[com.sentinelrisk.backend.controller.RiskController] onto the JUL framework
23:06:11,354 |-INFO in ch.qos.logback.classic.model.processor.LoggerModelHandler - Setting additivity of logger [com.sentinelrisk.backend.controller.RiskController] to false
23:06:11,354 |-INFO in ch.qos.logback.core.model.processor.AppenderRefModelHandler - Attaching appender named [RiskApiDebug] to Logger[com.sentinelrisk.backend.controller.RiskController]
23:06:11,354 |-INFO in ch.qos.logback.core.model.processor.AppenderRefModelHandler - Attaching appender named [Console] to Logger[com.sentinelrisk.backend.controller.RiskController]
23:06:11,354 |-INFO in ch.qos.logback.classic.model.processor.LoggerModelHandler - Setting level of logger [com.sentinelrisk.backend.service.RiskService] to DEBUG
23:06:11,354 |-INFO in ch.qos.logback.classic.jul.LevelChangePropagator@57aa341b - Propagating DEBUG level on Logger[com.sentinelrisk.backend.service.RiskService] onto the JUL framework
23:06:11,354 |-INFO in ch.qos.logback.classic.model.processor.LoggerModelHandler - Setting additivity of logger [com.sentinelrisk.backend.service.RiskService] to false
23:06:11,354 |-INFO in ch.qos.logback.core.model.processor.AppenderRefModelHandler - Attaching appender named [RiskApiDebug] to Logger[com.sentinelrisk.backend.service.RiskService]
23:06:11,354 |-INFO in ch.qos.logback.core.model.processor.AppenderRefModelHandler - Attaching appender named [Console] to Logger[com.sentinelrisk.backend.service.RiskService]
23:06:11,354 |-INFO in ch.qos.logback.classic.model.processor.RootLoggerModelHandler - Setting level of ROOT logger to INFO
23:06:11,354 |-INFO in ch.qos.logback.classic.jul.LevelChangePropagator@57aa341b - Propagating INFO level on Logger[ROOT] onto the JUL framework
23:06:11,354 |-INFO in ch.qos.logback.core.model.processor.AppenderRefModelHandler - Attaching appender named [Console] to Logger[ROOT]
23:06:11,354 |-INFO in ch.qos.logback.core.model.processor.DefaultProcessor@26e412ef - End of configuration.
23:06:11,355 |-INFO in org.springframework.boot.logging.logback.SpringBootJoranConfigurator@4ae263bf - Registering current configuration as safe fallback point


  .   ____          _            __ _ _
 /\\ / ___'_ __ _ _(_)_ __  __ _ \ \ \ \
( ( )\___ | '_ | '_| | '_ \/ _` | \ \ \ \
 \\/  ___)| |_)| | | | | || (_| |  ) ) ) )
  '  |____| .__|_| |_|_| |_\__, | / / / /
 =========|_|==============|___/=/_/_/_/
 :: Spring Boot ::                (v3.2.3)

2025-06-11 23:06:11,378 &amp#27;[34mINFO &amp#27;[0;39m [&amp#27;[34mbackground-preinit&amp#27;[0;39m] &amp#27;[33mo.h.v.i.u.Version&amp#27;[0;39m: HV000001: Hibernate Validator 8.0.1.Final
2025-06-11 23:06:11,405 &amp#27;[34mINFO &amp#27;[0;39m [&amp#27;[34mmain&amp#27;[0;39m] &amp#27;[33mo.s.b.StartupInfoLogger&amp#27;[0;39m: Starting DashboardControllerTest using Java 17.0.15 with PID 44326 (started by omar in /Users/omar/Desktop/pfe2025/sentinelrisk-norust/backend)
2025-06-11 23:06:11,405 &amp#27;[39mDEBUG&amp#27;[0;39m [&amp#27;[34mmain&amp#27;[0;39m] &amp#27;[33mo.s.b.StartupInfoLogger&amp#27;[0;39m: Running with Spring Boot v3.2.3, Spring v6.1.4
2025-06-11 23:06:11,406 &amp#27;[34mINFO &amp#27;[0;39m [&amp#27;[34mmain&amp#27;[0;39m] &amp#27;[33mo.s.b.SpringApplication&amp#27;[0;39m: No active profile set, falling back to 1 default profile: "default"
2025-06-11 23:06:12,808 &amp#27;[39mDEBUG&amp#27;[0;39m [&amp#27;[34mmain&amp#27;[0;39m] &amp#27;[33mo.s.s.c.a.a.b.AuthenticationManagerBuilder&amp#27;[0;39m: No authenticationProviders and no parentAuthenticationManager defined. Returning null.
2025-06-11 23:06:12,856 &amp#27;[34mINFO &amp#27;[0;39m [&amp#27;[34mmain&amp#27;[0;39m] &amp#27;[33mo.s.s.w.DefaultSecurityFilterChain&amp#27;[0;39m: Will secure any request with [org.springframework.security.web.session.DisableEncodeUrlFilter@261a66b8, org.springframework.security.web.context.request.async.WebAsyncManagerIntegrationFilter@adc8683, org.springframework.security.web.context.SecurityContextHolderFilter@681d704e, org.springframework.security.web.header.HeaderWriterFilter@1c8e8fed, org.springframework.web.filter.CorsFilter@4eac65db, org.springframework.security.web.csrf.CsrfFilter@1d622556, org.springframework.security.web.authentication.logout.LogoutFilter@45bf93bb, org.springframework.security.oauth2.server.resource.web.authentication.BearerTokenAuthenticationFilter@5342eec5, org.springframework.security.web.savedrequest.RequestCacheAwareFilter@3c3ab672, org.springframework.security.web.servletapi.SecurityContextHolderAwareRequestFilter@3e6acec2, org.springframework.security.web.authentication.AnonymousAuthenticationFilter@dde6f87, org.springframework.security.web.access.ExceptionTranslationFilter@21540255, org.springframework.security.web.access.intercept.AuthorizationFilter@5477d90e]
2025-06-11 23:06:12,891 &amp#27;[34mINFO &amp#27;[0;39m [&amp#27;[34mmain&amp#27;[0;39m] &amp#27;[33mo.s.m.w.MockServletContext&amp#27;[0;39m: Initializing Spring TestDispatcherServlet ''
2025-06-11 23:06:12,891 &amp#27;[34mINFO &amp#27;[0;39m [&amp#27;[34mmain&amp#27;[0;39m] &amp#27;[33mo.s.w.s.FrameworkServlet&amp#27;[0;39m: Initializing Servlet ''
2025-06-11 23:06:12,892 &amp#27;[34mINFO &amp#27;[0;39m [&amp#27;[34mmain&amp#27;[0;39m] &amp#27;[33mo.s.w.s.FrameworkServlet&amp#27;[0;39m: Completed initialization in 1 ms
2025-06-11 23:06:12,907 &amp#27;[34mINFO &amp#27;[0;39m [&amp#27;[34mmain&amp#27;[0;39m] &amp#27;[33mo.s.b.StartupInfoLogger&amp#27;[0;39m: Started DashboardControllerTest in 1.76 seconds (process running for 2.367)
2025-06-11 23:06:12,946 &amp#27;[39mDEBUG&amp#27;[0;39m [&amp#27;[34mmain&amp#27;[0;39m] &amp#27;[33mo.s.s.w.c.HttpSessionSecurityContextRepository$SaveToSessionResponseWrapper&amp#27;[0;39m: Created HttpSession as SecurityContext is non-default
2025-06-11 23:06:12,946 &amp#27;[39mDEBUG&amp#27;[0;39m [&amp#27;[34mmain&amp#27;[0;39m] &amp#27;[33mo.s.s.w.c.HttpSessionSecurityContextRepository&amp#27;[0;39m: Stored SecurityContextImpl [Authentication=UsernamePasswordAuthenticationToken [Principal=org.springframework.security.core.userdetails.User [Username=user, Password=[PROTECTED], Enabled=true, AccountNonExpired=true, CredentialsNonExpired=true, AccountNonLocked=true, Granted Authorities=[ROLE_risk_manager]], Credentials=[PROTECTED], Authenticated=true, Details=null, Granted Authorities=[ROLE_risk_manager]]] to HttpSession [org.springframework.mock.web.MockHttpSession@71ee2fff]
2025-06-11 23:06:12,951 &amp#27;[39mDEBUG&amp#27;[0;39m [&amp#27;[34mmain&amp#27;[0;39m] &amp#27;[33mo.s.s.w.FilterChainProxy&amp#27;[0;39m: Securing GET /api/dashboard/summary/snmp
2025-06-11 23:06:12,956 &amp#27;[39mDEBUG&amp#27;[0;39m [&amp#27;[34mmain&amp#27;[0;39m] &amp#27;[33mo.s.s.w.c.HttpSessionSecurityContextRepository&amp#27;[0;39m: Retrieved SecurityContextImpl [Authentication=UsernamePasswordAuthenticationToken [Principal=org.springframework.security.core.userdetails.User [Username=user, Password=[PROTECTED], Enabled=true, AccountNonExpired=true, CredentialsNonExpired=true, AccountNonLocked=true, Granted Authorities=[ROLE_risk_manager]], Credentials=[PROTECTED], Authenticated=true, Details=null, Granted Authorities=[ROLE_risk_manager]]]
2025-06-11 23:06:12,956 &amp#27;[39mDEBUG&amp#27;[0;39m [&amp#27;[34mmain&amp#27;[0;39m] &amp#27;[33mo.s.s.w.FilterChainProxy&amp#27;[0;39m: Secured GET /api/dashboard/summary/snmp

MockHttpServletRequest:
      HTTP Method = GET
      Request URI = /api/dashboard/summary/snmp
       Parameters = {}
          Headers = []
             Body = null
    Session Attrs = {SPRING_SECURITY_CONTEXT=SecurityContextImpl [Authentication=UsernamePasswordAuthenticationToken [Principal=org.springframework.security.core.userdetails.User [Username=user, Password=[PROTECTED], Enabled=true, AccountNonExpired=true, CredentialsNonExpired=true, AccountNonLocked=true, Granted Authorities=[ROLE_risk_manager]], Credentials=[PROTECTED], Authenticated=true, Details=null, Granted Authorities=[ROLE_risk_manager]]]}

Handler:
             Type = com.sentinelrisk.backend.controller.DashboardController
           Method = com.sentinelrisk.backend.controller.DashboardController#getSnmpSummary(LocalDateTime, LocalDateTime, String)

Async:
    Async started = false
     Async result = null

Resolved Exception:
             Type = null

ModelAndView:
        View name = null
             View = null
            Model = null

FlashMap:
       Attributes = null

MockHttpServletResponse:
           Status = 200
    Error message = null
          Headers = [Vary:"Origin", "Access-Control-Request-Method", "Access-Control-Request-Headers", X-Content-Type-Options:"nosniff", X-XSS-Protection:"0", Cache-Control:"no-cache, no-store, max-age=0, must-revalidate", Pragma:"no-cache", Expires:"0", X-Frame-Options:"DENY"]
     Content type = null
             Body = 
    Forwarded URL = null
   Redirected URL = null
          Cookies = []
]]></system-out>
  </testcase>
  <testcase name="testGetRiskSummary" classname="com.sentinelrisk.backend.controller.DashboardControllerTest" time="0.01">
    <failure message="No value at JSON path &quot;$.totalRisks&quot;" type="java.lang.AssertionError"><![CDATA[java.lang.AssertionError: No value at JSON path "$.totalRisks"
	at org.springframework.test.util.JsonPathExpectationsHelper.evaluateJsonPath(JsonPathExpectationsHelper.java:302)
	at org.springframework.test.util.JsonPathExpectationsHelper.assertValue(JsonPathExpectationsHelper.java:99)
	at org.springframework.test.web.servlet.result.JsonPathResultMatchers.lambda$value$2(JsonPathResultMatchers.java:111)
	at org.springframework.test.web.servlet.MockMvc$1.andExpect(MockMvc.java:214)
	at com.sentinelrisk.backend.controller.DashboardControllerTest.testGetRiskSummary(DashboardControllerTest.java:49)
	at java.base/java.lang.reflect.Method.invoke(Method.java:569)
	at java.base/java.util.ArrayList.forEach(ArrayList.java:1511)
	at java.base/java.util.ArrayList.forEach(ArrayList.java:1511)
Caused by: java.lang.IllegalArgumentException: json can not be null or empty
	at com.jayway.jsonpath.internal.Utils.notEmpty(Utils.java:401)
	at com.jayway.jsonpath.JsonPath.read(JsonPath.java:390)
	at com.jayway.jsonpath.JsonPath.read(JsonPath.java:377)
	at org.springframework.test.util.JsonPathExpectationsHelper.evaluateJsonPath(JsonPathExpectationsHelper.java:299)
	... 7 more
]]></failure>
    <system-out><![CDATA[2025-06-11 23:06:13,022 &amp#27;[39mDEBUG&amp#27;[0;39m [&amp#27;[34mmain&amp#27;[0;39m] &amp#27;[33mo.s.s.w.c.HttpSessionSecurityContextRepository$SaveToSessionResponseWrapper&amp#27;[0;39m: Created HttpSession as SecurityContext is non-default
2025-06-11 23:06:13,022 &amp#27;[39mDEBUG&amp#27;[0;39m [&amp#27;[34mmain&amp#27;[0;39m] &amp#27;[33mo.s.s.w.c.HttpSessionSecurityContextRepository&amp#27;[0;39m: Stored SecurityContextImpl [Authentication=UsernamePasswordAuthenticationToken [Principal=org.springframework.security.core.userdetails.User [Username=user, Password=[PROTECTED], Enabled=true, AccountNonExpired=true, CredentialsNonExpired=true, AccountNonLocked=true, Granted Authorities=[ROLE_admin]], Credentials=[PROTECTED], Authenticated=true, Details=null, Granted Authorities=[ROLE_admin]]] to HttpSession [org.springframework.mock.web.MockHttpSession@322ab6ce]
2025-06-11 23:06:13,023 &amp#27;[39mDEBUG&amp#27;[0;39m [&amp#27;[34mmain&amp#27;[0;39m] &amp#27;[33mo.s.s.w.FilterChainProxy&amp#27;[0;39m: Securing GET /api/dashboard/summary/risks
2025-06-11 23:06:13,023 &amp#27;[39mDEBUG&amp#27;[0;39m [&amp#27;[34mmain&amp#27;[0;39m] &amp#27;[33mo.s.s.w.c.HttpSessionSecurityContextRepository&amp#27;[0;39m: Retrieved SecurityContextImpl [Authentication=UsernamePasswordAuthenticationToken [Principal=org.springframework.security.core.userdetails.User [Username=user, Password=[PROTECTED], Enabled=true, AccountNonExpired=true, CredentialsNonExpired=true, AccountNonLocked=true, Granted Authorities=[ROLE_admin]], Credentials=[PROTECTED], Authenticated=true, Details=null, Granted Authorities=[ROLE_admin]]]
2025-06-11 23:06:13,023 &amp#27;[39mDEBUG&amp#27;[0;39m [&amp#27;[34mmain&amp#27;[0;39m] &amp#27;[33mo.s.s.w.FilterChainProxy&amp#27;[0;39m: Secured GET /api/dashboard/summary/risks

MockHttpServletRequest:
      HTTP Method = GET
      Request URI = /api/dashboard/summary/risks
       Parameters = {}
          Headers = []
             Body = null
    Session Attrs = {SPRING_SECURITY_CONTEXT=SecurityContextImpl [Authentication=UsernamePasswordAuthenticationToken [Principal=org.springframework.security.core.userdetails.User [Username=user, Password=[PROTECTED], Enabled=true, AccountNonExpired=true, CredentialsNonExpired=true, AccountNonLocked=true, Granted Authorities=[ROLE_admin]], Credentials=[PROTECTED], Authenticated=true, Details=null, Granted Authorities=[ROLE_admin]]]}

Handler:
             Type = com.sentinelrisk.backend.controller.DashboardController
           Method = com.sentinelrisk.backend.controller.DashboardController#getRiskSummary(LocalDateTime, LocalDateTime, String)

Async:
    Async started = false
     Async result = null

Resolved Exception:
             Type = null

ModelAndView:
        View name = null
             View = null
            Model = null

FlashMap:
       Attributes = null

MockHttpServletResponse:
           Status = 200
    Error message = null
          Headers = [Vary:"Origin", "Access-Control-Request-Method", "Access-Control-Request-Headers", X-Content-Type-Options:"nosniff", X-XSS-Protection:"0", Cache-Control:"no-cache, no-store, max-age=0, must-revalidate", Pragma:"no-cache", Expires:"0", X-Frame-Options:"DENY"]
     Content type = null
             Body = 
    Forwarded URL = null
   Redirected URL = null
          Cookies = []
]]></system-out>
  </testcase>
  <testcase name="testGetActionPlansSummary" classname="com.sentinelrisk.backend.controller.DashboardControllerTest" time="0.007">
    <failure message="No value at JSON path &quot;$.totalPlans&quot;" type="java.lang.AssertionError"><![CDATA[java.lang.AssertionError: No value at JSON path "$.totalPlans"
	at org.springframework.test.util.JsonPathExpectationsHelper.evaluateJsonPath(JsonPathExpectationsHelper.java:302)
	at org.springframework.test.util.JsonPathExpectationsHelper.assertValue(JsonPathExpectationsHelper.java:99)
	at org.springframework.test.web.servlet.result.JsonPathResultMatchers.lambda$value$2(JsonPathResultMatchers.java:111)
	at org.springframework.test.web.servlet.MockMvc$1.andExpect(MockMvc.java:214)
	at com.sentinelrisk.backend.controller.DashboardControllerTest.testGetActionPlansSummary(DashboardControllerTest.java:116)
	at java.base/java.lang.reflect.Method.invoke(Method.java:569)
	at java.base/java.util.ArrayList.forEach(ArrayList.java:1511)
	at java.base/java.util.ArrayList.forEach(ArrayList.java:1511)
Caused by: java.lang.IllegalArgumentException: json can not be null or empty
	at com.jayway.jsonpath.internal.Utils.notEmpty(Utils.java:401)
	at com.jayway.jsonpath.JsonPath.read(JsonPath.java:390)
	at com.jayway.jsonpath.JsonPath.read(JsonPath.java:377)
	at org.springframework.test.util.JsonPathExpectationsHelper.evaluateJsonPath(JsonPathExpectationsHelper.java:299)
	... 7 more
]]></failure>
    <system-out><![CDATA[2025-06-11 23:06:13,033 &amp#27;[39mDEBUG&amp#27;[0;39m [&amp#27;[34mmain&amp#27;[0;39m] &amp#27;[33mo.s.s.w.c.HttpSessionSecurityContextRepository$SaveToSessionResponseWrapper&amp#27;[0;39m: Created HttpSession as SecurityContext is non-default
2025-06-11 23:06:13,033 &amp#27;[39mDEBUG&amp#27;[0;39m [&amp#27;[34mmain&amp#27;[0;39m] &amp#27;[33mo.s.s.w.c.HttpSessionSecurityContextRepository&amp#27;[0;39m: Stored SecurityContextImpl [Authentication=UsernamePasswordAuthenticationToken [Principal=org.springframework.security.core.userdetails.User [Username=user, Password=[PROTECTED], Enabled=true, AccountNonExpired=true, CredentialsNonExpired=true, AccountNonLocked=true, Granted Authorities=[ROLE_compliance_officer]], Credentials=[PROTECTED], Authenticated=true, Details=null, Granted Authorities=[ROLE_compliance_officer]]] to HttpSession [org.springframework.mock.web.MockHttpSession@77fceac6]
2025-06-11 23:06:13,033 &amp#27;[39mDEBUG&amp#27;[0;39m [&amp#27;[34mmain&amp#27;[0;39m] &amp#27;[33mo.s.s.w.FilterChainProxy&amp#27;[0;39m: Securing GET /api/dashboard/summary/plans
2025-06-11 23:06:13,033 &amp#27;[39mDEBUG&amp#27;[0;39m [&amp#27;[34mmain&amp#27;[0;39m] &amp#27;[33mo.s.s.w.c.HttpSessionSecurityContextRepository&amp#27;[0;39m: Retrieved SecurityContextImpl [Authentication=UsernamePasswordAuthenticationToken [Principal=org.springframework.security.core.userdetails.User [Username=user, Password=[PROTECTED], Enabled=true, AccountNonExpired=true, CredentialsNonExpired=true, AccountNonLocked=true, Granted Authorities=[ROLE_compliance_officer]], Credentials=[PROTECTED], Authenticated=true, Details=null, Granted Authorities=[ROLE_compliance_officer]]]
2025-06-11 23:06:13,034 &amp#27;[39mDEBUG&amp#27;[0;39m [&amp#27;[34mmain&amp#27;[0;39m] &amp#27;[33mo.s.s.w.FilterChainProxy&amp#27;[0;39m: Secured GET /api/dashboard/summary/plans

MockHttpServletRequest:
      HTTP Method = GET
      Request URI = /api/dashboard/summary/plans
       Parameters = {}
          Headers = []
             Body = null
    Session Attrs = {SPRING_SECURITY_CONTEXT=SecurityContextImpl [Authentication=UsernamePasswordAuthenticationToken [Principal=org.springframework.security.core.userdetails.User [Username=user, Password=[PROTECTED], Enabled=true, AccountNonExpired=true, CredentialsNonExpired=true, AccountNonLocked=true, Granted Authorities=[ROLE_compliance_officer]], Credentials=[PROTECTED], Authenticated=true, Details=null, Granted Authorities=[ROLE_compliance_officer]]]}

Handler:
             Type = com.sentinelrisk.backend.controller.DashboardController
           Method = com.sentinelrisk.backend.controller.DashboardController#getActionPlansSummary(LocalDateTime, LocalDateTime, String)

Async:
    Async started = false
     Async result = null

Resolved Exception:
             Type = null

ModelAndView:
        View name = null
             View = null
            Model = null

FlashMap:
       Attributes = null

MockHttpServletResponse:
           Status = 200
    Error message = null
          Headers = [Vary:"Origin", "Access-Control-Request-Method", "Access-Control-Request-Headers", X-Content-Type-Options:"nosniff", X-XSS-Protection:"0", Cache-Control:"no-cache, no-store, max-age=0, must-revalidate", Pragma:"no-cache", Expires:"0", X-Frame-Options:"DENY"]
     Content type = null
             Body = 
    Forwarded URL = null
   Redirected URL = null
          Cookies = []
]]></system-out>
  </testcase>
  <testcase name="testUnauthorizedAccess" classname="com.sentinelrisk.backend.controller.DashboardControllerTest" time="0.008">
    <system-out><![CDATA[2025-06-11 23:06:13,041 &amp#27;[39mDEBUG&amp#27;[0;39m [&amp#27;[34mmain&amp#27;[0;39m] &amp#27;[33mo.s.s.w.FilterChainProxy&amp#27;[0;39m: Securing GET /api/dashboard/summary/risks
2025-06-11 23:06:13,042 &amp#27;[39mDEBUG&amp#27;[0;39m [&amp#27;[34mmain&amp#27;[0;39m] &amp#27;[33mo.s.s.w.a.AnonymousAuthenticationFilter&amp#27;[0;39m: Set SecurityContextHolder to anonymous SecurityContext
2025-06-11 23:06:13,045 &amp#27;[39mDEBUG&amp#27;[0;39m [&amp#27;[34mmain&amp#27;[0;39m] &amp#27;[33mo.s.s.w.s.HttpSessionRequestCache&amp#27;[0;39m: Saved request http://localhost/api/dashboard/summary/risks?continue to session
]]></system-out>
  </testcase>
  <testcase name="testGetComplianceSummary" classname="com.sentinelrisk.backend.controller.DashboardControllerTest" time="0.007">
    <failure message="No value at JSON path &quot;$.totalControls&quot;" type="java.lang.AssertionError"><![CDATA[java.lang.AssertionError: No value at JSON path "$.totalControls"
	at org.springframework.test.util.JsonPathExpectationsHelper.evaluateJsonPath(JsonPathExpectationsHelper.java:302)
	at org.springframework.test.util.JsonPathExpectationsHelper.assertValue(JsonPathExpectationsHelper.java:99)
	at org.springframework.test.web.servlet.result.JsonPathResultMatchers.lambda$value$2(JsonPathResultMatchers.java:111)
	at org.springframework.test.web.servlet.MockMvc$1.andExpect(MockMvc.java:214)
	at com.sentinelrisk.backend.controller.DashboardControllerTest.testGetComplianceSummary(DashboardControllerTest.java:73)
	at java.base/java.lang.reflect.Method.invoke(Method.java:569)
	at java.base/java.util.ArrayList.forEach(ArrayList.java:1511)
	at java.base/java.util.ArrayList.forEach(ArrayList.java:1511)
Caused by: java.lang.IllegalArgumentException: json can not be null or empty
	at com.jayway.jsonpath.internal.Utils.notEmpty(Utils.java:401)
	at com.jayway.jsonpath.JsonPath.read(JsonPath.java:390)
	at com.jayway.jsonpath.JsonPath.read(JsonPath.java:377)
	at org.springframework.test.util.JsonPathExpectationsHelper.evaluateJsonPath(JsonPathExpectationsHelper.java:299)
	... 7 more
]]></failure>
    <system-out><![CDATA[2025-06-11 23:06:13,050 &amp#27;[39mDEBUG&amp#27;[0;39m [&amp#27;[34mmain&amp#27;[0;39m] &amp#27;[33mo.s.s.w.c.HttpSessionSecurityContextRepository$SaveToSessionResponseWrapper&amp#27;[0;39m: Created HttpSession as SecurityContext is non-default
2025-06-11 23:06:13,051 &amp#27;[39mDEBUG&amp#27;[0;39m [&amp#27;[34mmain&amp#27;[0;39m] &amp#27;[33mo.s.s.w.c.HttpSessionSecurityContextRepository&amp#27;[0;39m: Stored SecurityContextImpl [Authentication=UsernamePasswordAuthenticationToken [Principal=org.springframework.security.core.userdetails.User [Username=user, Password=[PROTECTED], Enabled=true, AccountNonExpired=true, CredentialsNonExpired=true, AccountNonLocked=true, Granted Authorities=[ROLE_compliance_officer]], Credentials=[PROTECTED], Authenticated=true, Details=null, Granted Authorities=[ROLE_compliance_officer]]] to HttpSession [org.springframework.mock.web.MockHttpSession@4604e051]
2025-06-11 23:06:13,051 &amp#27;[39mDEBUG&amp#27;[0;39m [&amp#27;[34mmain&amp#27;[0;39m] &amp#27;[33mo.s.s.w.FilterChainProxy&amp#27;[0;39m: Securing GET /api/dashboard/summary/compliance
2025-06-11 23:06:13,051 &amp#27;[39mDEBUG&amp#27;[0;39m [&amp#27;[34mmain&amp#27;[0;39m] &amp#27;[33mo.s.s.w.c.HttpSessionSecurityContextRepository&amp#27;[0;39m: Retrieved SecurityContextImpl [Authentication=UsernamePasswordAuthenticationToken [Principal=org.springframework.security.core.userdetails.User [Username=user, Password=[PROTECTED], Enabled=true, AccountNonExpired=true, CredentialsNonExpired=true, AccountNonLocked=true, Granted Authorities=[ROLE_compliance_officer]], Credentials=[PROTECTED], Authenticated=true, Details=null, Granted Authorities=[ROLE_compliance_officer]]]
2025-06-11 23:06:13,051 &amp#27;[39mDEBUG&amp#27;[0;39m [&amp#27;[34mmain&amp#27;[0;39m] &amp#27;[33mo.s.s.w.FilterChainProxy&amp#27;[0;39m: Secured GET /api/dashboard/summary/compliance

MockHttpServletRequest:
      HTTP Method = GET
      Request URI = /api/dashboard/summary/compliance
       Parameters = {}
          Headers = []
             Body = null
    Session Attrs = {SPRING_SECURITY_CONTEXT=SecurityContextImpl [Authentication=UsernamePasswordAuthenticationToken [Principal=org.springframework.security.core.userdetails.User [Username=user, Password=[PROTECTED], Enabled=true, AccountNonExpired=true, CredentialsNonExpired=true, AccountNonLocked=true, Granted Authorities=[ROLE_compliance_officer]], Credentials=[PROTECTED], Authenticated=true, Details=null, Granted Authorities=[ROLE_compliance_officer]]]}

Handler:
             Type = com.sentinelrisk.backend.controller.DashboardController
           Method = com.sentinelrisk.backend.controller.DashboardController#getComplianceSummary(LocalDateTime, LocalDateTime, String)

Async:
    Async started = false
     Async result = null

Resolved Exception:
             Type = null

ModelAndView:
        View name = null
             View = null
            Model = null

FlashMap:
       Attributes = null

MockHttpServletResponse:
           Status = 200
    Error message = null
          Headers = [Vary:"Origin", "Access-Control-Request-Method", "Access-Control-Request-Headers", X-Content-Type-Options:"nosniff", X-XSS-Protection:"0", Cache-Control:"no-cache, no-store, max-age=0, must-revalidate", Pragma:"no-cache", Expires:"0", X-Frame-Options:"DENY"]
     Content type = null
             Body = 
    Forwarded URL = null
   Redirected URL = null
          Cookies = []
]]></system-out>
  </testcase>
</testsuite>