<?xml version="1.0" encoding="UTF-8"?>
<testsuite xmlns:xsi="http://www.w3.org/2001/XMLSchema-instance" xsi:noNamespaceSchemaLocation="https://maven.apache.org/surefire/maven-surefire-plugin/xsd/surefire-test-report-3.0.xsd" version="3.0" name="com.sentinelrisk.backend.service.OidInterpretationServiceTest" time="0.082" tests="7" errors="0" skipped="0" failures="0">
  <properties>
[...]
</properties>
  <testcase name="testCounter_ShouldFormatCorrectly" classname="com.sentinelrisk.backend.service.OidInterpretationServiceTest" time="0.059"/>
  <testcase name="testTimeTicks_NonNumericValue_ShouldReturnNormalStatus" classname="com.sentinelrisk.backend.service.OidInterpretationServiceTest" time="0.001"/>
  <testcase name="testGenericTimeTicks_NonNumeric_ShouldReturnNormalStatus" classname="com.sentinelrisk.backend.service.OidInterpretationServiceTest" time="0.0"/>
  <testcase name="testEmptyValue_ShouldReturnUnavailableStatus" classname="com.sentinelrisk.backend.service.OidInterpretationServiceTest" time="0.002"/>
  <testcase name="testTimeTicks_NumericValue_ShouldReturnNormalStatus" classname="com.sentinelrisk.backend.service.OidInterpretationServiceTest" time="0.001"/>
  <testcase name="testNullValue_ShouldReturnUnavailableStatus" classname="com.sentinelrisk.backend.service.OidInterpretationServiceTest" time="0.0"/>
  <testcase name="testValidValue_ShouldReturnNormalStatus" classname="com.sentinelrisk.backend.service.OidInterpretationServiceTest" time="0.001"/>
</testsuite>